** Daemonized, any open files are closed.  Look at /usr/home/Apple/luckydog/tmp/pids/mongrel.pid and log/mongrel.log for info.
** Starting Mongrel listening at 0.0.0.0:3000
** Starting Rails with development environment...
** Rails loaded.
** Loading any Rails specific GemPlugins
** Signals ready.  TERM => stop.  USR2 => restart.  INT => stop (no restart).
** Rails signals registered.  HUP => reload (without restart).  It might not work well.
** Mongrel 1.1.5 available at 0.0.0.0:3000
** Writing PID file to /usr/home/Apple/luckydog/tmp/pids/mongrel.pid
/usr/home/Apple/luckydog/app/views/entries/show.html.erb:42: warning: don't put space before argument parentheses
/usr/home/Apple/luckydog/app/views/entries/show.html.erb:43: warning: don't put space before argument parentheses
/usr/home/Apple/luckydog/app/views/entries/show.html.erb:42: warning: don't put space before argument parentheses
/usr/home/Apple/luckydog/app/views/entries/show.html.erb:43: warning: don't put space before argument parentheses
/usr/home/Apple/luckydog/app/views/entries/show.html.erb:41: warning: don't put space before argument parentheses
/usr/home/Apple/luckydog/app/views/entries/show.html.erb:42: warning: don't put space before argument parentheses
/usr/home/Apple/luckydog/app/views/entries/show.html.erb:41: warning: don't put space before argument parentheses
/usr/home/Apple/luckydog/app/views/entries/show.html.erb:42: warning: don't put space before argument parentheses
/usr/home/Apple/luckydog/app/views/entries/show.html.erb:41: warning: don't put space before argument parentheses
/usr/home/Apple/luckydog/app/views/entries/show.html.erb:42: warning: don't put space before argument parentheses
/usr/home/Apple/luckydog/app/views/entries/show.html.erb:41: warning: don't put space before argument parentheses
/usr/home/Apple/luckydog/app/views/entries/show.html.erb:42: warning: don't put space before argument parentheses
/usr/home/Apple/luckydog/app/views/entries/show.html.erb:41: warning: don't put space before argument parentheses
/usr/home/Apple/luckydog/app/views/entries/show.html.erb:42: warning: don't put space before argument parentheses
/usr/home/Apple/luckydog/app/views/entries/show.html.erb:41: warning: don't put space before argument parentheses
/usr/home/Apple/luckydog/app/views/entries/show.html.erb:42: warning: don't put space before argument parentheses
/usr/home/Apple/luckydog/app/views/entries/show.html.erb:41: warning: don't put space before argument parentheses
/usr/home/Apple/luckydog/app/views/entries/show.html.erb:42: warning: don't put space before argument parentheses
/usr/home/Apple/luckydog/app/views/entries/show.html.erb:41: warning: don't put space before argument parentheses
/usr/home/Apple/luckydog/app/views/entries/show.html.erb:42: warning: don't put space before argument parentheses
/usr/home/Apple/luckydog/app/views/entries/show.html.erb:41: warning: don't put space before argument parentheses
/usr/home/Apple/luckydog/app/views/entries/show.html.erb:42: warning: don't put space before argument parentheses
/usr/home/Apple/luckydog/app/views/entries/show.html.erb:41: warning: don't put space before argument parentheses
/usr/home/Apple/luckydog/app/views/entries/show.html.erb:42: warning: don't put space before argument parentheses
/usr/home/Apple/luckydog/app/views/entries/show.html.erb:41: warning: don't put space before argument parentheses
/usr/home/Apple/luckydog/app/views/entries/show.html.erb:42: warning: don't put space before argument parentheses
/usr/home/Apple/luckydog/app/views/entries/show.html.erb:41: warning: don't put space before argument parentheses
/usr/home/Apple/luckydog/app/views/entries/show.html.erb:42: warning: don't put space before argument parentheses
/usr/home/Apple/luckydog/app/views/entries/show.html.erb:41: warning: don't put space before argument parentheses
/usr/home/Apple/luckydog/app/views/entries/show.html.erb:42: warning: don't put space before argument parentheses
/usr/home/Apple/luckydog/app/views/entries/show.html.erb:41: warning: don't put space before argument parentheses
/usr/home/Apple/luckydog/app/views/entries/show.html.erb:42: warning: don't put space before argument parentheses
/usr/home/Apple/luckydog/app/views/entries/show.html.erb:41: warning: don't put space before argument parentheses
/usr/home/Apple/luckydog/app/views/entries/show.html.erb:42: warning: don't put space before argument parentheses
/usr/home/Apple/luckydog/app/views/entries/show.html.erb:41: warning: don't put space before argument parentheses
/usr/home/Apple/luckydog/app/views/entries/show.html.erb:42: warning: don't put space before argument parentheses
/usr/home/Apple/luckydog/app/views/entries/show.html.erb:41: warning: don't put space before argument parentheses
/usr/home/Apple/luckydog/app/views/entries/show.html.erb:42: warning: don't put space before argument parentheses
** TERM signal received.
** Daemonized, any open files are closed.  Look at /usr/home/Apple/luckydog/tmp/pids/mongrel.pid and log/mongrel.log for info.
** Starting Mongrel listening at 0.0.0.0:3000
** Starting Rails with development environment...
** Rails loaded.
** Loading any Rails specific GemPlugins
** Signals ready.  TERM => stop.  USR2 => restart.  INT => stop (no restart).
** Rails signals registered.  HUP => reload (without restart).  It might not work well.
** Mongrel 1.1.5 available at 0.0.0.0:3000
** Writing PID file to /usr/home/Apple/luckydog/tmp/pids/mongrel.pid
** TERM signal received.
